  Main Screen.cpp
C:\Users\Al Noor\OneDrive\Desktop\SystemProjects With OOP\Main Screen\Main Screen\clsString.h(43,25): warning C4267: 'return': conversion from 'size_t' to 'short', possible loss of data
  (compiling source file 'Main%20Screen.cpp')
  
C:\Users\Al Noor\OneDrive\Desktop\SystemProjects With OOP\Main Screen\Main Screen\clsString.h(48,29): warning C4267: 'return': conversion from 'size_t' to 'short', possible loss of data
  (compiling source file 'Main%20Screen.cpp')
  
C:\Users\Al Noor\OneDrive\Desktop\SystemProjects With OOP\Main Screen\Main Screen\clsString.h(60,30): warning C4267: '=': conversion from 'size_t' to 'short', possible loss of data
  (compiling source file 'Main%20Screen.cpp')
  
C:\Users\Al Noor\OneDrive\Desktop\SystemProjects With OOP\Main Screen\Main Screen\clsString.h(197,29): warning C4267: 'return': conversion from 'size_t' to 'short', possible loss of data
  (compiling source file 'Main%20Screen.cpp')
  
C:\Users\Al Noor\OneDrive\Desktop\SystemProjects With OOP\Main Screen\Main Screen\clsString.h(328,30): warning C4267: '=': conversion from 'size_t' to 'short', possible loss of data
  (compiling source file 'Main%20Screen.cpp')
  
C:\Users\Al Noor\OneDrive\Desktop\SystemProjects With OOP\Main Screen\Main Screen\clsString.h(376,22): warning C4267: 'initializing': conversion from 'size_t' to 'short', possible loss of data
  (compiling source file 'Main%20Screen.cpp')
  
C:\Users\Al Noor\OneDrive\Desktop\SystemProjects With OOP\Main Screen\Main Screen\clsBanckUsers.h(188,16): warning C4240: nonstandard extension used: access to 'clsBanckUser::stLoginRegisterRecord' now defined to be 'public', previously it was defined to be 'private'
  (compiling source file 'Main%20Screen.cpp')
      C:\Users\Al Noor\OneDrive\Desktop\SystemProjects With OOP\Main Screen\Main Screen\clsBanckUsers.h(24,16):
      see declaration of 'clsBanckUser::stLoginRegisterRecord'
  
C:\Users\Al Noor\OneDrive\Desktop\SystemProjects With OOP\Main Screen\Main Screen\clsInputValidate.h(113,16): warning C4244: 'initializing': conversion from 'double' to 'float', possible loss of data
  (compiling source file 'Main%20Screen.cpp')
  
C:\Users\Al Noor\OneDrive\Desktop\SystemProjects With OOP\Main Screen\Main Screen\clsInputValidate.h(117,26): warning C4244: '=': conversion from 'double' to 'float', possible loss of data
  (compiling source file 'Main%20Screen.cpp')
  
C:\Users\Al Noor\OneDrive\Desktop\SystemProjects With OOP\Main Screen\Main Screen\clsBanckClients.h(216,12): warning C4240: nonstandard extension used: access to 'clsBankClient::stTrnsferLogRecord' now defined to be 'public', previously it was defined to be 'private'
  (compiling source file 'Main%20Screen.cpp')
      C:\Users\Al Noor\OneDrive\Desktop\SystemProjects With OOP\Main Screen\Main Screen\clsBanckClients.h(25,16):
      see declaration of 'clsBankClient::stTrnsferLogRecord'
  
C:\Users\Al Noor\OneDrive\Desktop\SystemProjects With OOP\Main Screen\Main Screen\clsBanckClients.h(36,39): warning C4244: '=': conversion from 'double' to 'float', possible loss of data
  (compiling source file 'Main%20Screen.cpp')
  
C:\Users\Al Noor\OneDrive\Desktop\SystemProjects With OOP\Main Screen\Main Screen\clsBanckClients.h(37,48): warning C4244: '=': conversion from 'double' to 'float', possible loss of data
  (compiling source file 'Main%20Screen.cpp')
  
C:\Users\Al Noor\OneDrive\Desktop\SystemProjects With OOP\Main Screen\Main Screen\clsBanckClients.h(38,49): warning C4244: '=': conversion from 'double' to 'float', possible loss of data
  (compiling source file 'Main%20Screen.cpp')
  
C:\Users\Al Noor\OneDrive\Desktop\SystemProjects With OOP\Main Screen\Main Screen\clsBanckClients.h(51,65): warning C4244: 'argument': conversion from 'double' to 'float', possible loss of data
  (compiling source file 'Main%20Screen.cpp')
  
C:\Users\Al Noor\OneDrive\Desktop\SystemProjects With OOP\Main Screen\Main Screen\clsBanckClients.h(324,28): warning C4244: '+=': conversion from 'double' to 'float', possible loss of data
  (compiling source file 'Main%20Screen.cpp')
  
C:\Users\Al Noor\OneDrive\Desktop\SystemProjects With OOP\Main Screen\Main Screen\clsBanckClients.h(330,28): warning C4244: '-=': conversion from 'double' to 'float', possible loss of data
  (compiling source file 'Main%20Screen.cpp')
  
C:\Users\Al Noor\OneDrive\Desktop\SystemProjects With OOP\Main Screen\Main Screen\clsBanckClients.h(344,25): warning C4244: 'argument': conversion from 'double' to 'float', possible loss of data
  (compiling source file 'Main%20Screen.cpp')
  
C:\Users\Al Noor\OneDrive\Desktop\SystemProjects With OOP\Main Screen\Main Screen\clsBanckClients.h(454,16): warning C4244: 'return': conversion from 'double' to 'float', possible loss of data
  (compiling source file 'Main%20Screen.cpp')
  
C:\Users\Al Noor\OneDrive\Desktop\SystemProjects With OOP\Main Screen\Main Screen\clsAddClient.h(43,64): warning C4244: 'argument': conversion from 'double' to 'float', possible loss of data
  (compiling source file 'Main%20Screen.cpp')
  
C:\Users\Al Noor\OneDrive\Desktop\SystemProjects With OOP\Main Screen\Main Screen\clsUpdateClient.h(27,58): warning C4244: 'argument': conversion from 'double' to 'float', possible loss of data
  (compiling source file 'Main%20Screen.cpp')
  
C:\Users\Al Noor\OneDrive\Desktop\SystemProjects With OOP\Main Screen\Main Screen\clsDeposit.h(41,27): warning C4129: 'D': unrecognized character escape sequence
  (compiling source file 'Main%20Screen.cpp')
  
C:\Users\Al Noor\OneDrive\Desktop\SystemProjects With OOP\Main Screen\Main Screen\clsDeposit.h(57,49): warning C4244: '=': conversion from 'double' to 'int', possible loss of data
  (compiling source file 'Main%20Screen.cpp')
  
C:\Users\Al Noor\OneDrive\Desktop\SystemProjects With OOP\Main Screen\Main Screen\clsWithdrow.h(56,56): warning C4244: '=': conversion from 'double' to 'int', possible loss of data
  (compiling source file 'Main%20Screen.cpp')
  
C:\Users\Al Noor\OneDrive\Desktop\SystemProjects With OOP\Main Screen\Main Screen\clsUtile.h(64,5): warning C4102: 'defualt': unreferenced label
  (compiling source file 'Main%20Screen.cpp')
  
C:\Users\Al Noor\OneDrive\Desktop\SystemProjects With OOP\Main Screen\Main Screen\clsTotalBalances.h(56,60): warning C4244: 'argument': conversion from 'double' to 'int', possible loss of data
  (compiling source file 'Main%20Screen.cpp')
  
C:\Users\Al Noor\OneDrive\Desktop\SystemProjects With OOP\Main Screen\Main Screen\clsTransfare.h(80,56): warning C4244: '=': conversion from 'double' to 'int', possible loss of data
  (compiling source file 'Main%20Screen.cpp')
  
C:\Users\Al Noor\OneDrive\Desktop\SystemProjects With OOP\Main Screen\Main Screen\clsTransactionScreen.h(20,22): warning C4244: 'initializing': conversion from 'double' to 'short', possible loss of data
  (compiling source file 'Main%20Screen.cpp')
  
C:\Users\Al Noor\OneDrive\Desktop\SystemProjects With OOP\Main Screen\Main Screen\clsManageUserMenue.h(19,22): warning C4244: 'initializing': conversion from 'double' to 'short', possible loss of data
  (compiling source file 'Main%20Screen.cpp')
  
C:\Users\Al Noor\OneDrive\Desktop\SystemProjects With OOP\Main Screen\Main Screen\clsFindCurrency.h(15,17): warning C4129: 'C': unrecognized character escape sequence
  (compiling source file 'Main%20Screen.cpp')
  
C:\Users\Al Noor\OneDrive\Desktop\SystemProjects With OOP\Main Screen\Main Screen\clsFindCurrency.h(34,19): warning C4244: 'initializing': conversion from 'double' to 'int', possible loss of data
  (compiling source file 'Main%20Screen.cpp')
  
C:\Users\Al Noor\OneDrive\Desktop\SystemProjects With OOP\Main Screen\Main Screen\clsUpdateCurrencyRate.h(22,11): warning C4129: 'C': unrecognized character escape sequence
  (compiling source file 'Main%20Screen.cpp')
  
C:\Users\Al Noor\OneDrive\Desktop\SystemProjects With OOP\Main Screen\Main Screen\clsUpdateCurrencyRate.h(59,12): warning C4129: 'C': unrecognized character escape sequence
  (compiling source file 'Main%20Screen.cpp')
  
C:\Users\Al Noor\OneDrive\Desktop\SystemProjects With OOP\Main Screen\Main Screen\clsUpdateCurrencyRate.h(17,56): warning C4244: 'argument': conversion from 'double' to 'float', possible loss of data
  (compiling source file 'Main%20Screen.cpp')
  
C:\Users\Al Noor\OneDrive\Desktop\SystemProjects With OOP\Main Screen\Main Screen\clsCurrencyCalculator.h(17,51): warning C4244: '=': conversion from 'double' to 'float', possible loss of data
  (compiling source file 'Main%20Screen.cpp')
  
C:\Users\Al Noor\OneDrive\Desktop\SystemProjects With OOP\Main Screen\Main Screen\clsCurrencyMenue.h(17,22): warning C4244: 'initializing': conversion from 'double' to 'short', possible loss of data
  (compiling source file 'Main%20Screen.cpp')
  
C:\Users\Al Noor\OneDrive\Desktop\SystemProjects With OOP\Main Screen\Main Screen\clsMainscreen.h(55,17): warning C4129: 'P': unrecognized character escape sequence
  (compiling source file 'Main%20Screen.cpp')
  
C:\Users\Al Noor\OneDrive\Desktop\SystemProjects With OOP\Main Screen\Main Screen\clsMainscreen.h(41,22): warning C4244: 'initializing': conversion from 'double' to 'short', possible loss of data
  (compiling source file 'Main%20Screen.cpp')
  
C:\Users\Al Noor\OneDrive\Desktop\SystemProjects With OOP\Main Screen\Main Screen\clsBanckClients.h(400,1): warning C4715: 'clsBankClient::Save': not all control paths return a value
C:\Users\Al Noor\OneDrive\Desktop\SystemProjects With OOP\Main Screen\Main Screen\clsBanckUsers.h(347,1): warning C4715: 'clsBanckUser::Save': not all control paths return a value
  Main Screen.vcxproj -> C:\Users\Al Noor\OneDrive\Desktop\SystemProjects With OOP\Main Screen\x64\Debug\Main Screen.exe
